TN:
SF:src\App.jsx
FN:14,App
FN:124,onClose
FNF:2
FNH:2
FNDA:10,App
FNDA:1,onClose
DA:1,1
DA:2,1
DA:3,1
DA:4,1
DA:5,1
DA:6,1
DA:7,1
DA:8,1
DA:9,1
DA:10,1
DA:11,1
DA:12,1
DA:13,1
DA:14,10
DA:15,10
DA:16,10
DA:17,10
DA:18,10
DA:19,10
DA:20,10
DA:21,10
DA:22,10
DA:23,10
DA:24,10
DA:25,10
DA:26,10
DA:27,10
DA:28,10
DA:29,11
DA:30,11
DA:31,10
DA:32,10
DA:33,10
DA:34,10
DA:35,1
DA:36,0
DA:37,0
DA:38,10
DA:39,10
DA:40,10
DA:41,10
DA:42,10
DA:43,10
DA:44,10
DA:45,1
DA:46,1
DA:47,1
DA:48,1
DA:49,1
DA:50,1
DA:51,1
DA:52,1
DA:53,1
DA:54,1
DA:55,1
DA:56,1
DA:57,1
DA:58,1
DA:59,1
DA:60,10
DA:61,10
DA:62,10
DA:63,10
DA:64,10
DA:65,10
DA:66,10
DA:67,10
DA:68,10
DA:69,10
DA:70,10
DA:71,10
DA:72,10
DA:73,10
DA:74,10
DA:75,10
DA:76,10
DA:77,10
DA:78,10
DA:79,10
DA:80,10
DA:81,10
DA:82,10
DA:83,10
DA:84,10
DA:85,10
DA:86,10
DA:87,10
DA:88,10
DA:89,10
DA:90,10
DA:91,10
DA:92,10
DA:93,10
DA:94,10
DA:95,10
DA:96,10
DA:97,10
DA:98,10
DA:99,10
DA:100,10
DA:101,10
DA:102,10
DA:103,10
DA:104,10
DA:105,10
DA:106,10
DA:107,10
DA:108,10
DA:109,10
DA:110,10
DA:111,10
DA:112,10
DA:113,10
DA:114,10
DA:115,10
DA:116,10
DA:117,10
DA:118,10
DA:119,10
DA:120,10
DA:121,10
DA:122,1
DA:123,1
DA:124,1
DA:125,1
DA:126,10
DA:127,10
DA:128,10
DA:129,10
LF:129
LH:127
BRDA:14,0,0,10
BRDA:121,1,0,1
BRDA:28,2,0,11
BRDA:29,3,0,0
BRDA:34,4,0,1
BRDA:35,5,0,0
BRDA:44,6,0,1
BRDA:48,7,0,0
BRDA:49,8,0,0
BRDA:45,9,0,1
BRDA:52,10,0,1
BRDA:59,11,0,1
BRDA:59,12,0,0
BRDA:124,13,0,1
BRF:14
BRH:9
end_of_record
TN:
SF:src\components\ChatAssistant.jsx
FN:24,AIAvatar
FN:52,TypingIndicator
FN:71,ChatAssistant
FN:84,scrollToBottom
FN:127,type
FN:183,handleKeyDown
FN:195,onClick
FN:277,onClick
FN:345,onChange
FN:347,onFocus
FN:348,onBlur
FNF:11
FNH:7
FNDA:32,AIAvatar
FNDA:2,TypingIndicator
FNDA:39,ChatAssistant
FNDA:15,scrollToBottom
FNDA:0,type
FNDA:0,handleKeyDown
FNDA:10,onClick
FNDA:1,onClick
FNDA:3,onChange
FNDA:0,onFocus
FNDA:0,onBlur
DA:1,1
DA:2,1
DA:3,1
DA:4,1
DA:5,1
DA:6,1
DA:7,1
DA:8,1
DA:9,1
DA:10,1
DA:11,1
DA:12,1
DA:13,1
DA:14,1
DA:15,1
DA:16,1
DA:17,1
DA:18,1
DA:19,1
DA:20,1
DA:21,1
DA:22,1
DA:23,1
DA:24,32
DA:25,32
DA:26,32
DA:27,32
DA:28,32
DA:29,32
DA:30,32
DA:31,32
DA:32,32
DA:33,2
DA:34,30
DA:35,32
DA:36,32
DA:37,32
DA:38,32
DA:39,32
DA:40,32
DA:41,32
DA:42,2
DA:43,30
DA:44,32
DA:45,32
DA:46,32
DA:47,32
DA:48,32
DA:49,32
DA:50,1
DA:51,1
DA:52,2
DA:53,2
DA:54,2
DA:55,2
DA:56,2
DA:57,2
DA:58,6
DA:59,6
DA:60,6
DA:61,6
DA:62,6
DA:63,2
DA:64,2
DA:65,2
DA:66,2
DA:67,2
DA:68,1
DA:69,1
DA:70,1
DA:71,39
DA:72,39
DA:73,39
DA:74,39
DA:75,39
DA:76,39
DA:77,39
DA:78,39
DA:79,39
DA:80,39
DA:81,39
DA:82,39
DA:83,39
DA:84,39
DA:85,39
DA:86,39
DA:87,39
DA:88,39
DA:89,39
DA:90,39
DA:91,22
DA:92,22
DA:93,10
DA:94,10
DA:95,10
DA:96,12
DA:97,12
DA:98,12
DA:99,12
DA:100,12
DA:101,12
DA:102,12
DA:103,12
DA:104,12
DA:105,0
DA:106,0
DA:107,0
DA:108,0
DA:109,0
DA:110,0
DA:111,0
DA:112,0
DA:113,0
DA:114,0
DA:115,12
DA:116,12
DA:117,12
DA:118,39
DA:119,39
DA:120,39
DA:121,39
DA:122,11
DA:123,11
DA:124,11
DA:125,11
DA:126,11
DA:127,11
DA:128,0
DA:129,0
DA:130,0
DA:131,0
DA:132,0
DA:133,0
DA:134,0
DA:135,0
DA:136,0
DA:137,0
DA:138,0
DA:139,0
DA:140,0
DA:141,0
DA:142,0
DA:143,0
DA:144,0
DA:145,0
DA:146,0
DA:147,0
DA:148,0
DA:149,0
DA:150,0
DA:151,0
DA:152,11
DA:153,11
DA:154,11
DA:155,11
DA:156,39
DA:157,39
DA:158,39
DA:159,39
DA:160,2
DA:161,2
DA:162,2
DA:163,2
DA:164,2
DA:165,2
DA:166,2
DA:167,2
DA:168,2
DA:169,2
DA:170,2
DA:171,2
DA:172,2
DA:173,2
DA:174,1
DA:175,1
DA:176,1
DA:177,1
DA:178,2
DA:179,2
DA:180,2
DA:181,39
DA:182,39
DA:183,39
DA:184,0
DA:185,0
DA:186,39
DA:187,39
DA:188,39
DA:189,39
DA:190,39
DA:191,39
DA:192,39
DA:193,39
DA:194,39
DA:195,39
DA:196,39
DA:197,39
DA:198,39
DA:199,39
DA:200,39
DA:201,39
DA:202,39
DA:203,39
DA:204,39
DA:205,39
DA:206,39
DA:207,39
DA:208,39
DA:209,39
DA:210,39
DA:211,39
DA:212,39
DA:213,39
DA:214,39
DA:215,39
DA:216,39
DA:217,39
DA:218,39
DA:219,39
DA:220,39
DA:221,39
DA:222,39
DA:223,39
DA:224,39
DA:225,39
DA:226,39
DA:227,39
DA:228,39
DA:229,39
DA:230,39
DA:231,39
DA:232,39
DA:233,39
DA:234,39
DA:235,39
DA:236,39
DA:237,39
DA:238,39
DA:239,39
DA:240,39
DA:241,39
DA:242,39
DA:243,39
DA:244,39
DA:245,39
DA:246,39
DA:247,39
DA:248,39
DA:249,39
DA:250,39
DA:251,39
DA:252,39
DA:253,39
DA:254,39
DA:255,39
DA:256,39
DA:257,39
DA:258,39
DA:259,39
DA:260,39
DA:261,39
DA:262,39
DA:263,39
DA:264,39
DA:265,39
DA:266,39
DA:267,39
DA:268,39
DA:269,39
DA:270,39
DA:271,39
DA:272,39
DA:273,39
DA:274,39
DA:275,39
DA:276,39
DA:277,39
DA:278,39
DA:279,39
DA:280,39
DA:281,39
DA:282,39
DA:283,39
DA:284,39
DA:285,39
DA:286,39
DA:287,39
DA:288,39
DA:289,39
DA:290,39
DA:291,39
DA:292,39
DA:293,39
DA:294,39
DA:295,39
DA:296,44
DA:297,44
DA:298,44
DA:299,44
DA:300,44
DA:301,44
DA:302,44
DA:303,44
DA:304,44
DA:305,4
DA:306,4
DA:307,40
DA:308,40
DA:309,44
DA:310,44
DA:311,44
DA:312,44
DA:313,39
DA:314,39
DA:315,39
DA:316,39
DA:317,39
DA:318,39
DA:319,39
DA:320,39
DA:321,39
DA:322,39
DA:323,39
DA:324,39
DA:325,39
DA:326,1
DA:327,1
DA:328,1
DA:329,39
DA:330,39
DA:331,39
DA:332,39
DA:333,39
DA:334,39
DA:335,39
DA:336,39
DA:337,39
DA:338,39
DA:339,39
DA:340,39
DA:341,39
DA:342,39
DA:343,39
DA:344,39
DA:345,39
DA:346,39
DA:347,39
DA:348,39
DA:349,39
DA:350,39
DA:351,39
DA:352,39
DA:353,39
DA:354,39
DA:355,39
DA:356,39
DA:357,39
DA:358,39
DA:359,39
DA:360,39
DA:361,39
DA:362,39
DA:363,39
DA:364,36
DA:365,3
DA:366,39
DA:367,39
DA:368,39
DA:369,39
DA:370,39
DA:371,39
DA:372,39
DA:373,39
DA:374,39
DA:375,39
DA:376,39
DA:377,39
DA:378,39
DA:379,39
DA:380,39
DA:381,39
DA:382,39
DA:383,39
DA:384,39
DA:385,39
DA:386,39
DA:387,39
DA:388,39
LF:388
LH:352
BRDA:24,0,0,32
BRDA:28,1,0,2
BRDA:28,2,0,30
BRDA:32,3,0,2
BRDA:33,4,0,30
BRDA:41,5,0,2
BRDA:42,6,0,30
BRDA:52,7,0,2
BRDA:57,8,0,6
BRDA:71,9,0,39
BRDA:188,10,0,37
BRDA:188,11,0,3
BRDA:197,12,0,27
BRDA:197,13,0,12
BRDA:205,14,0,0
BRDA:206,15,0,0
BRDA:210,16,0,0
BRDA:211,17,0,0
BRDA:212,18,0,0
BRDA:217,19,0,0
BRDA:218,20,0,0
BRDA:219,21,0,0
BRDA:229,22,0,27
BRDA:229,23,0,12
BRDA:235,24,0,0
BRDA:316,25,0,2
BRDA:325,26,0,1
BRDA:340,27,0,0
BRDA:349,28,0,0
BRDA:363,29,0,36
BRDA:364,30,0,3
BRDA:379,31,0,0
BRDA:84,32,0,15
BRDA:85,33,0,15
BRDA:90,34,0,22
BRDA:92,35,0,10
BRDA:95,36,0,12
BRDA:117,37,0,12
BRDA:121,38,0,11
BRDA:155,39,0,11
BRDA:159,40,0,2
BRDA:164,41,0,0
BRDA:173,42,0,1
BRDA:167,43,0,2
BRDA:174,44,0,1
BRDA:195,45,0,10
BRDA:277,46,0,1
BRDA:295,47,0,44
BRDA:298,48,0,4
BRDA:298,49,0,40
BRDA:301,50,0,40
BRDA:304,51,0,4
BRDA:306,52,0,40
BRDA:345,53,0,3
BRF:54
BRH:41
end_of_record
TN:
SF:src\components\Footer.jsx
FN:1,(empty-report)
FNF:1
FNH:0
FNDA:0,(empty-report)
DA:1,0
DA:2,0
DA:3,0
DA:4,0
DA:5,0
DA:6,0
DA:7,0
DA:8,0
DA:9,0
DA:10,0
DA:11,0
DA:12,0
DA:13,0
DA:14,0
DA:15,0
DA:16,0
DA:17,0
DA:18,0
DA:19,0
DA:20,0
DA:21,0
DA:22,0
DA:23,0
DA:24,0
DA:25,0
DA:26,0
DA:27,0
DA:28,0
DA:29,0
DA:30,0
DA:31,0
DA:32,0
DA:33,0
DA:34,0
DA:35,0
DA:36,0
DA:37,0
DA:38,0
DA:39,0
DA:40,0
DA:41,0
DA:42,0
DA:43,0
DA:44,0
DA:45,0
DA:46,0
DA:47,0
DA:48,0
DA:49,0
DA:50,0
DA:51,0
DA:52,0
DA:53,0
DA:54,0
DA:55,0
DA:56,0
DA:57,0
DA:58,0
DA:59,0
DA:60,0
DA:61,0
DA:62,0
DA:63,0
DA:64,0
DA:65,0
DA:66,0
DA:67,0
LF:67
LH:0
BRDA:1,0,0,0
BRF:1
BRH:0
end_of_record
TN:
SF:src\components\GuidanceBanner.jsx
FN:1,(empty-report)
FNF:1
FNH:0
FNDA:0,(empty-report)
DA:1,0
DA:2,0
DA:3,0
DA:4,0
DA:5,0
DA:6,0
DA:7,0
DA:8,0
DA:9,0
DA:10,0
DA:11,0
DA:12,0
DA:13,0
DA:14,0
DA:15,0
DA:16,0
DA:17,0
DA:18,0
DA:19,0
DA:20,0
DA:21,0
DA:22,0
DA:23,0
DA:24,0
DA:25,0
DA:26,0
DA:27,0
LF:27
LH:0
BRDA:1,0,0,0
BRF:1
BRH:0
end_of_record
TN:
SF:src\components\Header.jsx
FN:1,(empty-report)
FNF:1
FNH:0
FNDA:0,(empty-report)
DA:1,0
DA:2,0
DA:3,0
DA:4,0
DA:5,0
DA:6,0
DA:7,0
DA:8,0
DA:9,0
DA:10,0
DA:11,0
DA:12,0
DA:13,0
DA:14,0
DA:15,0
DA:16,0
DA:17,0
DA:18,0
DA:19,0
LF:19
LH:0
BRDA:1,0,0,0
BRF:1
BRH:0
end_of_record
TN:
SF:src\components\LegalModal.jsx
FN:1,(empty-report)
FNF:1
FNH:0
FNDA:0,(empty-report)
DA:1,0
DA:2,0
DA:3,0
DA:4,0
DA:5,0
DA:6,0
DA:7,0
DA:8,0
DA:9,0
DA:10,0
DA:11,0
DA:12,0
DA:13,0
DA:14,0
DA:15,0
DA:16,0
DA:17,0
DA:18,0
DA:19,0
DA:20,0
DA:21,0
DA:22,0
DA:23,0
DA:24,0
DA:25,0
DA:26,0
DA:27,0
DA:28,0
DA:29,0
DA:30,0
DA:31,0
DA:32,0
DA:33,0
DA:34,0
DA:35,0
DA:36,0
DA:37,0
DA:38,0
DA:39,0
DA:40,0
DA:41,0
DA:42,0
DA:43,0
DA:44,0
DA:45,0
DA:46,0
DA:47,0
DA:48,0
DA:49,0
DA:50,0
DA:51,0
DA:52,0
DA:53,0
DA:54,0
DA:55,0
DA:56,0
DA:57,0
DA:58,0
DA:59,0
DA:60,0
DA:61,0
DA:62,0
DA:63,0
DA:64,0
DA:65,0
DA:66,0
DA:67,0
DA:68,0
DA:69,0
DA:70,0
DA:71,0
DA:72,0
DA:73,0
DA:74,0
DA:75,0
DA:76,0
DA:77,0
DA:78,0
DA:79,0
DA:80,0
DA:81,0
DA:82,0
DA:83,0
DA:84,0
DA:85,0
DA:86,0
DA:87,0
DA:88,0
DA:89,0
DA:90,0
DA:91,0
DA:92,0
DA:93,0
DA:94,0
DA:95,0
DA:96,0
DA:97,0
DA:98,0
DA:99,0
DA:100,0
DA:101,0
DA:102,0
DA:103,0
DA:104,0
DA:105,0
DA:106,0
DA:107,0
DA:108,0
LF:108
LH:0
BRDA:1,0,0,0
BRF:1
BRH:0
end_of_record
TN:
SF:src\components\StepCard.jsx
FN:3,StepCard2
FNF:1
FNH:1
FNDA:4,StepCard2
DA:1,1
DA:2,1
DA:3,1
DA:4,4
DA:5,4
DA:6,4
DA:7,4
DA:8,4
DA:9,4
DA:10,4
DA:11,4
DA:12,0
DA:13,4
DA:14,1
DA:15,3
DA:16,4
DA:17,4
DA:18,4
DA:19,4
DA:20,4
DA:21,4
DA:22,4
DA:23,4
DA:24,4
DA:25,4
DA:26,4
DA:27,0
DA:28,4
DA:29,1
DA:30,3
DA:31,4
DA:32,4
DA:33,4
DA:34,4
DA:35,4
DA:36,4
DA:37,4
DA:38,4
DA:39,4
DA:40,4
DA:41,4
DA:42,4
DA:43,4
DA:44,4
DA:45,4
DA:46,4
DA:47,4
DA:48,4
DA:49,4
DA:50,4
DA:51,4
DA:52,4
DA:53,4
DA:54,4
DA:55,0
DA:56,0
DA:57,0
DA:58,0
DA:59,0
DA:60,0
DA:61,0
DA:62,0
DA:63,0
DA:64,0
DA:65,4
DA:66,4
DA:67,4
DA:68,0
DA:69,0
DA:70,0
DA:71,4
DA:72,4
DA:73,4
DA:74,4
DA:75,1
DA:76,1
LF:76
LH:61
BRDA:3,0,0,4
BRDA:8,1,0,0
BRDA:11,2,0,0
BRDA:13,3,0,1
BRDA:14,4,0,3
BRDA:26,5,0,0
BRDA:28,6,0,1
BRDA:29,7,0,3
BRDA:36,8,0,0
BRDA:46,9,0,1
BRDA:46,10,0,1
BRDA:46,11,0,3
BRDA:54,12,0,0
BRDA:67,13,0,0
BRF:14
BRH:8
end_of_record
TN:
SF:src\components\StepGuide.jsx
FN:1,(empty-report)
FNF:1
FNH:0
FNDA:0,(empty-report)
DA:1,0
DA:2,0
DA:3,0
DA:4,0
DA:5,0
DA:6,0
DA:7,0
DA:8,0
DA:9,0
DA:10,0
DA:11,0
DA:12,0
DA:13,0
DA:14,0
DA:15,0
DA:16,0
DA:17,0
DA:18,0
DA:19,0
DA:20,0
DA:21,0
DA:22,0
DA:23,0
DA:24,0
DA:25,0
DA:26,0
DA:27,0
DA:28,0
DA:29,0
DA:30,0
DA:31,0
DA:32,0
DA:33,0
DA:34,0
DA:35,0
DA:36,0
DA:37,0
DA:38,0
DA:39,0
DA:40,0
DA:41,0
DA:42,0
DA:43,0
DA:44,0
DA:45,0
DA:46,0
DA:47,0
DA:48,0
DA:49,0
DA:50,0
DA:51,0
DA:52,0
DA:53,0
DA:54,0
DA:55,0
DA:56,0
DA:57,0
DA:58,0
DA:59,0
DA:60,0
DA:61,0
LF:61
LH:0
BRDA:1,0,0,0
BRF:1
BRH:0
end_of_record
TN:
SF:src\components\Timeline.jsx
FN:9,Timeline
FN:17,loadEvents
FNF:2
FNH:2
FNDA:8,Timeline
FNDA:7,loadEvents
DA:1,1
DA:2,1
DA:3,1
DA:4,1
DA:5,1
DA:6,1
DA:7,1
DA:8,1
DA:9,8
DA:10,8
DA:11,8
DA:12,8
DA:13,8
DA:14,8
DA:15,8
DA:16,8
DA:17,7
DA:18,7
DA:19,7
DA:20,6
DA:21,6
DA:22,7
DA:23,1
DA:24,1
DA:25,7
DA:26,7
DA:27,1
DA:28,1
DA:29,1
DA:30,7
DA:31,7
DA:32,7
DA:33,7
DA:34,7
DA:35,7
DA:36,8
DA:37,8
DA:38,8
DA:39,8
DA:40,8
DA:41,8
DA:42,8
DA:43,8
DA:44,8
DA:45,8
DA:46,8
DA:47,8
DA:48,8
DA:49,8
DA:50,0
DA:51,0
DA:52,0
DA:53,0
DA:54,0
DA:55,8
DA:56,8
DA:57,8
DA:58,8
DA:59,8
DA:60,8
DA:61,8
DA:62,22
DA:63,22
DA:64,22
DA:65,22
DA:66,22
DA:67,22
DA:68,22
DA:69,22
DA:70,22
DA:71,22
DA:72,22
DA:73,22
DA:74,22
DA:75,22
DA:76,22
DA:77,22
DA:78,22
DA:79,22
DA:80,22
DA:81,22
DA:82,22
DA:83,22
DA:84,22
DA:85,22
DA:86,22
DA:87,22
DA:88,8
DA:89,8
DA:90,8
DA:91,8
DA:92,8
DA:93,8
DA:94,8
DA:95,8
DA:96,8
DA:97,8
DA:98,8
DA:99,8
DA:100,8
DA:101,8
DA:102,8
LF:102
LH:97
BRDA:9,0,0,8
BRDA:49,1,0,0
BRDA:16,2,0,7
BRDA:17,3,0,7
BRDA:19,4,0,6
BRDA:22,5,0,2
BRDA:22,6,0,1
BRDA:26,7,0,1
BRDA:61,8,0,22
BRF:9
BRH:8
end_of_record
TN:
SF:src\constants\electionData.js
FNF:0
FNH:0
DA:1,1
DA:2,1
DA:3,1
DA:4,1
DA:5,1
DA:6,1
DA:7,1
DA:8,1
DA:9,1
DA:10,1
DA:11,1
DA:12,1
DA:13,1
DA:14,1
DA:15,1
DA:16,1
DA:17,1
DA:18,1
DA:19,1
DA:20,1
DA:21,1
DA:22,1
DA:23,1
DA:24,1
DA:25,1
DA:26,1
DA:27,1
DA:28,1
DA:29,1
DA:30,1
DA:31,1
DA:32,1
DA:33,1
DA:34,1
DA:35,1
DA:36,1
DA:37,1
DA:38,1
DA:39,1
DA:40,1
DA:41,1
DA:42,1
DA:43,1
DA:44,1
DA:45,1
DA:46,1
DA:47,1
DA:48,1
DA:49,1
DA:50,1
DA:51,1
DA:52,1
DA:53,1
DA:54,1
DA:55,1
DA:56,1
DA:57,1
DA:58,1
DA:59,1
DA:60,1
DA:61,1
DA:62,1
LF:62
LH:62
BRF:0
BRH:0
end_of_record
TN:
SF:src\services\analyticsService.js
FN:23,generateSessionId
FN:40,isNlpConfigured
FN:48,isFirestoreConfigured
FN:58,normaliseSentiment
FN:72,analyseWithNaturalLanguage
FN:112,logToFirestore
FN:141,trackQuery
FNF:7
FNH:7
FNDA:1,generateSessionId
FNDA:5,isNlpConfigured
FNDA:4,isFirestoreConfigured
FNDA:7,normaliseSentiment
FNDA:3,analyseWithNaturalLanguage
FNDA:3,logToFirestore
FNDA:3,trackQuery
DA:1,1
DA:2,1
DA:3,1
DA:4,1
DA:5,1
DA:6,1
DA:7,1
DA:8,1
DA:9,1
DA:10,1
DA:11,1
DA:12,1
DA:13,1
DA:14,1
DA:15,1
DA:16,1
DA:17,1
DA:18,1
DA:19,1
DA:20,1
DA:21,1
DA:22,1
DA:23,1
DA:24,1
DA:25,1
DA:26,1
DA:27,1
DA:28,1
DA:29,0
DA:30,0
DA:31,0
DA:32,0
DA:33,1
DA:34,1
DA:35,1
DA:36,1
DA:37,1
DA:38,1
DA:39,1
DA:40,1
DA:41,5
DA:42,5
DA:43,1
DA:44,1
DA:45,1
DA:46,1
DA:47,1
DA:48,1
DA:49,4
DA:50,4
DA:51,1
DA:52,1
DA:53,1
DA:54,1
DA:55,1
DA:56,1
DA:57,1
DA:58,1
DA:59,7
DA:60,7
DA:61,7
DA:62,3
DA:63,3
DA:64,1
DA:65,1
DA:66,1
DA:67,1
DA:68,1
DA:69,1
DA:70,1
DA:71,1
DA:72,1
DA:73,3
DA:74,2
DA:75,2
DA:76,2
DA:77,2
DA:78,2
DA:79,2
DA:80,2
DA:81,2
DA:82,2
DA:83,2
DA:84,2
DA:85,2
DA:86,0
DA:87,0
DA:88,3
DA:89,3
DA:90,0
DA:91,0
DA:92,0
DA:93,3
DA:94,3
DA:95,3
DA:96,3
DA:97,0
DA:98,0
DA:99,3
DA:100,1
DA:101,1
DA:102,1
DA:103,1
DA:104,1
DA:105,1
DA:106,1
DA:107,1
DA:108,1
DA:109,1
DA:110,1
DA:111,1
DA:112,1
DA:113,3
DA:114,1
DA:115,1
DA:116,1
DA:117,1
DA:118,1
DA:119,1
DA:120,1
DA:121,1
DA:122,3
DA:123,3
DA:124,3
DA:125,3
DA:126,3
DA:127,3
DA:128,3
DA:129,3
DA:130,0
DA:131,0
DA:132,3
DA:133,1
DA:134,1
DA:135,1
DA:136,1
DA:137,1
DA:138,1
DA:139,1
DA:140,1
DA:141,1
DA:142,3
DA:143,3
DA:144,3
DA:145,3
DA:146,3
DA:147,3
DA:148,3
DA:149,3
DA:150,3
DA:151,3
DA:152,3
DA:153,3
DA:154,3
DA:155,3
DA:156,3
DA:157,3
DA:158,0
DA:159,0
DA:160,3
LF:160
LH:145
BRDA:23,0,0,1
BRDA:28,1,0,0
BRDA:40,2,0,5
BRDA:48,3,0,4
BRDA:58,4,0,7
BRDA:59,5,0,2
BRDA:59,6,0,5
BRDA:60,7,0,1
BRDA:60,8,0,4
BRDA:61,9,0,1
BRDA:61,10,0,3
BRDA:72,11,0,3
BRDA:73,12,0,2
BRDA:73,13,0,1
BRDA:73,14,0,2
BRDA:85,15,0,0
BRDA:89,16,0,0
BRDA:94,17,0,0
BRDA:96,18,0,0
BRDA:112,19,0,3
BRDA:113,20,0,2
BRDA:113,21,0,1
BRDA:122,22,0,0
BRDA:123,23,0,0
BRDA:124,24,0,0
BRDA:125,25,0,1
BRDA:128,26,0,1
BRDA:129,27,0,0
BRDA:141,28,0,3
BRDA:146,29,0,0
BRDA:149,30,0,0
BRDA:157,31,0,0
BRF:32
BRH:20
end_of_record
TN:
SF:src\services\apiClient.js
FN:30,createApiClient
FN:39,request
FN:67,ok
FN:78,get
FN:88,post
FNF:5
FNH:5
FNDA:11,createApiClient
FNDA:14,request
FNDA:4,ok
FNDA:7,get
FNDA:7,post
DA:1,1
DA:2,1
DA:3,1
DA:4,1
DA:5,1
DA:6,1
DA:7,1
DA:8,1
DA:9,1
DA:10,1
DA:11,1
DA:12,1
DA:13,1
DA:14,1
DA:15,1
DA:16,1
DA:17,1
DA:18,1
DA:19,1
DA:20,1
DA:21,1
DA:22,1
DA:23,1
DA:24,1
DA:25,1
DA:26,1
DA:27,1
DA:28,1
DA:29,1
DA:30,1
DA:31,11
DA:32,11
DA:33,11
DA:34,11
DA:35,11
DA:36,11
DA:37,11
DA:38,11
DA:39,11
DA:40,14
DA:41,18
DA:42,18
DA:43,18
DA:44,18
DA:45,18
DA:46,18
DA:47,18
DA:48,18
DA:49,5
DA:50,5
DA:51,5
DA:52,15
DA:53,1
DA:54,1
DA:55,1
DA:56,4
DA:57,4
DA:58,4
DA:59,18
DA:60,13
DA:61,9
DA:62,1
DA:63,1
DA:64,8
DA:65,8
DA:66,4
DA:67,4
DA:68,4
DA:69,18
DA:70,4
DA:71,14
DA:72,11
DA:73,11
DA:74,11
DA:75,11
DA:76,11
DA:77,11
DA:78,11
DA:79,7
DA:80,7
DA:81,11
DA:82,11
DA:83,11
DA:84,11
DA:85,11
DA:86,11
DA:87,11
DA:88,11
DA:89,7
DA:90,7
DA:91,7
DA:92,7
DA:93,7
DA:94,7
DA:95,11
DA:96,11
DA:97,11
LF:97
LH:97
BRDA:30,0,0,11
BRDA:31,1,0,0
BRDA:39,2,0,14
BRDA:40,3,0,18
BRDA:48,4,0,15
BRDA:48,5,0,5
BRDA:52,6,0,1
BRDA:55,7,0,4
BRDA:59,8,0,13
BRDA:60,9,0,9
BRDA:61,10,0,8
BRDA:61,11,0,1
BRDA:63,12,0,8
BRDA:65,13,0,4
BRDA:69,14,0,4
BRDA:43,15,0,1
BRDA:67,16,0,4
BRDA:78,17,0,7
BRDA:88,18,0,7
BRF:19
BRH:18
end_of_record
TN:
SF:src\services\calendarService.js
FN:18,formatCalendarDate
FN:38,createCalendarLink
FN:64,getElectionReminders
FNF:3
FNH:3
FNDA:26,formatCalendarDate
FNDA:14,createCalendarLink
FNDA:3,getElectionReminders
DA:1,1
DA:2,1
DA:3,1
DA:4,1
DA:5,1
DA:6,1
DA:7,1
DA:8,1
DA:9,1
DA:10,1
DA:11,1
DA:12,1
DA:13,1
DA:14,1
DA:15,1
DA:16,1
DA:17,1
DA:18,1
DA:19,26
DA:20,3
DA:21,3
DA:22,23
DA:23,23
DA:24,1
DA:25,1
DA:26,1
DA:27,1
DA:28,1
DA:29,1
DA:30,1
DA:31,1
DA:32,1
DA:33,1
DA:34,1
DA:35,1
DA:36,1
DA:37,1
DA:38,1
DA:39,14
DA:40,3
DA:41,3
DA:42,11
DA:43,11
DA:44,11
DA:45,11
DA:46,11
DA:47,14
DA:48,14
DA:49,14
DA:50,14
DA:51,14
DA:52,10
DA:53,10
DA:54,11
DA:55,11
DA:56,11
DA:57,1
DA:58,1
DA:59,1
DA:60,1
DA:61,1
DA:62,1
DA:63,1
DA:64,1
DA:65,3
DA:66,3
DA:67,3
DA:68,3
DA:69,3
DA:70,3
DA:71,3
DA:72,3
DA:73,3
DA:74,3
DA:75,3
DA:76,3
DA:77,3
DA:78,3
DA:79,3
DA:80,3
DA:81,3
DA:82,3
DA:83,3
DA:84,3
DA:85,3
DA:86,3
DA:87,3
DA:88,3
DA:89,3
DA:90,3
DA:91,3
DA:92,3
DA:93,3
DA:94,3
DA:95,9
DA:96,9
DA:97,9
DA:98,9
DA:99,3
DA:100,3
LF:100
LH:100
BRDA:18,0,0,26
BRDA:19,1,0,24
BRDA:19,2,0,3
BRDA:21,3,0,23
BRDA:38,4,0,14
BRDA:39,5,0,13
BRDA:39,6,0,12
BRDA:39,7,0,11
BRDA:39,8,0,3
BRDA:41,9,0,11
BRDA:47,10,0,0
BRDA:51,11,0,10
BRDA:53,12,0,11
BRDA:64,13,0,3
BRDA:94,14,0,9
BRF:15
BRH:14
end_of_record
TN:
SF:src\services\firebaseService.js
FN:30,withTimeoutAndRetry
FN:56,fetchElectionEvents
FNF:2
FNH:2
FNDA:3,withTimeoutAndRetry
FNDA:3,fetchElectionEvents
DA:1,1
DA:2,1
DA:3,1
DA:4,1
DA:5,1
DA:6,1
DA:7,1
DA:8,1
DA:9,1
DA:10,1
DA:11,1
DA:12,1
DA:13,1
DA:14,1
DA:15,1
DA:16,1
DA:17,1
DA:18,1
DA:19,1
DA:20,0
DA:21,0
DA:22,0
DA:23,1
DA:24,1
DA:25,1
DA:26,1
DA:27,1
DA:28,1
DA:29,1
DA:30,3
DA:31,3
DA:32,7
DA:33,7
DA:34,7
DA:35,7
DA:36,7
DA:37,7
DA:38,7
DA:39,1
DA:40,7
DA:41,6
DA:42,4
DA:43,4
DA:44,4
DA:45,7
DA:46,4
DA:47,1
DA:48,1
DA:49,1
DA:50,1
DA:51,1
DA:52,1
DA:53,1
DA:54,1
DA:55,1
DA:56,1
DA:57,3
DA:58,3
DA:59,3
DA:60,3
DA:61,3
DA:62,1
DA:63,1
DA:64,1
DA:65,3
DA:66,2
DA:67,2
DA:68,2
DA:69,2
DA:70,2
DA:71,3
LF:71
LH:68
BRDA:19,0,0,0
BRDA:30,1,0,3
BRDA:31,2,0,7
BRDA:38,3,0,1
BRDA:40,4,0,6
BRDA:41,5,0,2
BRDA:41,6,0,4
BRDA:45,7,0,4
BRDA:35,8,0,7
BRDA:43,9,0,4
BRDA:56,10,0,3
BRDA:58,11,0,0
BRDA:61,12,0,1
BRDA:65,13,0,2
BRDA:61,14,0,7
BRDA:64,15,0,2
BRF:16
BRH:14
end_of_record
TN:
SF:src\services\geminiService.js
FN:5,askGemini
FNF:1
FNH:1
FNDA:6,askGemini
DA:1,1
DA:2,1
DA:3,1
DA:4,1
DA:5,1
DA:6,6
DA:7,6
DA:8,6
DA:9,1
DA:10,1
DA:11,5
DA:12,5
DA:13,5
DA:14,5
DA:15,5
DA:16,5
DA:17,2
DA:18,2
DA:19,5
DA:20,5
DA:21,5
DA:22,5
DA:23,5
DA:24,5
DA:25,5
DA:26,5
DA:27,5
DA:28,5
DA:29,5
DA:30,5
DA:31,5
DA:32,5
DA:33,5
DA:34,5
DA:35,5
DA:36,5
DA:37,5
DA:38,5
DA:39,5
DA:40,5
DA:41,5
DA:42,5
DA:43,5
DA:44,5
DA:45,4
DA:46,6
DA:47,1
DA:48,1
DA:49,3
DA:50,3
DA:51,3
DA:52,6
DA:53,2
DA:54,2
DA:55,1
DA:56,1
DA:57,6
DA:58,3
DA:59,2
DA:60,2
DA:61,1
DA:62,1
DA:63,6
LF:63
LH:63
BRDA:5,0,0,6
BRDA:8,1,0,1
BRDA:10,2,0,5
BRDA:44,3,0,4
BRDA:46,4,0,1
BRDA:48,5,0,3
BRDA:52,6,0,2
BRDA:52,7,0,2
BRDA:52,8,0,2
BRDA:54,9,0,1
BRDA:57,10,0,3
BRDA:58,11,0,2
BRDA:60,12,0,1
BRDA:16,13,0,2
BRDA:17,14,0,1
BRDA:17,15,0,1
BRF:16
BRH:16
end_of_record
TN:
SF:src\services\mapsService.js
FN:30,isConfigured
FN:41,searchPollingLocations
FN:101,getFallbackLocations
FNF:3
FNH:3
FNDA:7,isConfigured
FNDA:9,searchPollingLocations
FNDA:1,getFallbackLocations
DA:1,1
DA:2,1
DA:3,1
DA:4,1
DA:5,1
DA:6,1
DA:7,1
DA:8,1
DA:9,1
DA:10,1
DA:11,1
DA:12,1
DA:13,1
DA:14,1
DA:15,1
DA:16,1
DA:17,1
DA:18,1
DA:19,1
DA:20,1
DA:21,1
DA:22,1
DA:23,1
DA:24,1
DA:25,1
DA:26,1
DA:27,1
DA:28,1
DA:29,1
DA:30,1
DA:31,7
DA:32,7
DA:33,1
DA:34,1
DA:35,1
DA:36,1
DA:37,1
DA:38,1
DA:39,1
DA:40,1
DA:41,1
DA:42,9
DA:43,2
DA:44,2
DA:45,7
DA:46,7
DA:47,7
DA:48,7
DA:49,9
DA:50,1
DA:51,1
DA:52,6
DA:53,6
DA:54,9
DA:55,2
DA:56,10
DA:57,9
DA:58,2
DA:59,2
DA:60,2
DA:61,2
DA:62,2
DA:63,4
DA:64,4
DA:65,4
DA:66,4
DA:67,4
DA:68,4
DA:69,4
DA:70,3
DA:71,3
DA:72,9
DA:73,1
DA:74,1
DA:75,1
DA:76,1
DA:77,1
DA:78,1
DA:79,1
DA:80,1
DA:81,1
DA:82,2
DA:83,9
DA:84,1
DA:85,1
DA:86,1
DA:87,1
DA:88,1
DA:89,1
DA:90,0
DA:91,0
DA:92,9
DA:93,1
DA:94,1
DA:95,9
DA:96,1
DA:97,1
DA:98,1
DA:99,1
DA:100,1
DA:101,1
DA:102,1
DA:103,1
LF:103
LH:101
BRDA:30,0,0,7
BRDA:41,1,0,9
BRDA:42,2,0,7
BRDA:42,3,0,2
BRDA:44,4,0,7
BRDA:49,5,0,1
BRDA:51,6,0,6
BRDA:54,7,0,2
BRDA:59,8,0,1
BRDA:59,9,0,1
BRDA:62,10,0,4
BRDA:69,11,0,3
BRDA:72,12,0,1
BRDA:72,13,0,1
BRDA:81,14,0,2
BRDA:83,15,0,1
BRDA:89,16,0,0
BRDA:92,17,0,1
BRDA:55,18,0,10
BRDA:56,19,0,9
BRDA:73,20,0,1
BRDA:74,21,0,0
BRDA:75,22,0,0
BRDA:76,23,0,0
BRDA:77,24,0,0
BRDA:101,25,0,1
BRF:26
BRH:21
end_of_record
TN:
SF:src\services\translationService.js
FN:35,isConfigured
FN:47,translateText
FN:82,translateBatch
FNF:3
FNH:3
FNDA:7,isConfigured
FNDA:7,translateText
FNDA:3,translateBatch
DA:1,1
DA:2,1
DA:3,1
DA:4,1
DA:5,1
DA:6,1
DA:7,1
DA:8,1
DA:9,1
DA:10,1
DA:11,1
DA:12,1
DA:13,1
DA:14,1
DA:15,1
DA:16,1
DA:17,1
DA:18,1
DA:19,1
DA:20,1
DA:21,1
DA:22,1
DA:23,1
DA:24,1
DA:25,1
DA:26,1
DA:27,1
DA:28,1
DA:29,1
DA:30,1
DA:31,1
DA:32,1
DA:33,1
DA:34,1
DA:35,1
DA:36,7
DA:37,7
DA:38,1
DA:39,1
DA:40,1
DA:41,1
DA:42,1
DA:43,1
DA:44,1
DA:45,1
DA:46,1
DA:47,1
DA:48,7
DA:49,7
DA:50,4
DA:51,4
DA:52,4
DA:53,7
DA:54,3
DA:55,3
DA:56,3
DA:57,3
DA:58,3
DA:59,3
DA:60,3
DA:61,3
DA:62,3
DA:63,3
DA:64,7
DA:65,2
DA:66,2
DA:67,2
DA:68,2
DA:69,1
DA:70,7
DA:71,0
DA:72,0
DA:73,7
DA:74,1
DA:75,1
DA:76,1
DA:77,1
DA:78,1
DA:79,1
DA:80,1
DA:81,1
DA:82,1
DA:83,3
DA:84,1
DA:85,0
DA:86,0
DA:87,0
DA:88,0
DA:89,0
DA:90,0
DA:91,0
DA:92,0
DA:93,0
DA:94,0
DA:95,3
DA:96,0
DA:97,0
DA:98,0
DA:99,0
DA:100,0
DA:101,0
DA:102,3
LF:102
LH:84
BRDA:35,0,0,7
BRDA:47,1,0,7
BRDA:48,2,0,6
BRDA:48,3,0,6
BRDA:48,4,0,2
BRDA:48,5,0,5
BRDA:49,6,0,1
BRDA:49,7,0,4
BRDA:53,8,0,1
BRDA:53,9,0,3
BRDA:64,10,0,2
BRDA:64,11,0,2
BRDA:68,12,0,1
BRDA:70,13,0,0
BRDA:82,14,0,3
BRDA:83,15,0,2
BRDA:83,16,0,2
BRDA:83,17,0,2
BRDA:83,18,0,2
BRDA:83,19,0,1
BRDA:83,20,0,1
BRDA:84,21,0,0
BRDA:95,22,0,0
BRF:23
BRH:20
end_of_record
TN:
SF:src\services\vertexService.js
FN:36,isConfigured
FN:47,cosineSimilarity
FN:68,keywordFallback
FN:92,findRelevantFaq
FNF:4
FNH:4
FNDA:3,isConfigured
FNDA:8,cosineSimilarity
FNDA:7,keywordFallback
FNDA:4,findRelevantFaq
DA:1,1
DA:2,1
DA:3,1
DA:4,1
DA:5,1
DA:6,1
DA:7,1
DA:8,1
DA:9,1
DA:10,1
DA:11,1
DA:12,1
DA:13,1
DA:14,1
DA:15,1
DA:16,1
DA:17,1
DA:18,1
DA:19,1
DA:20,1
DA:21,1
DA:22,1
DA:23,1
DA:24,1
DA:25,1
DA:26,1
DA:27,1
DA:28,1
DA:29,1
DA:30,1
DA:31,1
DA:32,1
DA:33,1
DA:34,1
DA:35,1
DA:36,1
DA:37,3
DA:38,3
DA:39,1
DA:40,1
DA:41,1
DA:42,1
DA:43,1
DA:44,1
DA:45,1
DA:46,1
DA:47,1
DA:48,8
DA:49,4
DA:50,8
DA:51,11
DA:52,11
DA:53,11
DA:54,11
DA:55,11
DA:56,11
DA:57,4
DA:58,8
DA:59,3
DA:60,3
DA:61,1
DA:62,1
DA:63,1
DA:64,1
DA:65,1
DA:66,1
DA:67,1
DA:68,1
DA:69,7
DA:70,7
DA:71,7
DA:72,7
DA:73,7
DA:74,56
DA:75,56
DA:76,56
DA:77,8
DA:78,8
DA:79,8
DA:80,56
DA:81,7
DA:82,7
DA:83,7
DA:84,1
DA:85,1
DA:86,1
DA:87,1
DA:88,1
DA:89,1
DA:90,1
DA:91,1
DA:92,1
DA:93,4
DA:94,2
DA:95,2
DA:96,2
DA:97,2
DA:98,4
DA:99,2
DA:100,2
DA:101,2
DA:102,2
DA:103,2
DA:104,2
DA:105,2
DA:106,0
DA:107,0
DA:108,0
DA:109,0
DA:110,0
DA:111,0
DA:112,0
DA:113,0
DA:114,0
DA:115,0
DA:116,4
DA:117,0
DA:118,0
DA:119,0
DA:120,0
DA:121,0
DA:122,0
DA:123,0
DA:124,0
DA:125,0
DA:126,0
DA:127,0
DA:128,0
DA:129,0
DA:130,0
DA:131,0
DA:132,0
DA:133,0
DA:134,0
DA:135,0
DA:136,0
DA:137,0
DA:138,0
DA:139,0
DA:140,0
DA:141,0
DA:142,0
DA:143,0
DA:144,0
DA:145,0
DA:146,0
DA:147,0
DA:148,4
LF:148
LH:107
BRDA:36,0,0,3
BRDA:47,1,0,8
BRDA:48,2,0,7
BRDA:48,3,0,6
BRDA:48,4,0,5
BRDA:48,5,0,5
BRDA:48,6,0,4
BRDA:50,7,0,11
BRDA:51,8,0,1
BRDA:52,9,0,1
BRDA:56,10,0,4
BRDA:58,11,0,1
BRDA:58,12,0,3
BRDA:68,13,0,7
BRDA:73,14,0,56
BRDA:76,15,0,8
BRDA:82,16,0,6
BRDA:82,17,0,1
BRDA:74,18,0,343
BRDA:92,19,0,4
BRDA:93,20,0,2
BRDA:93,21,0,2
BRDA:98,22,0,0
BRDA:98,23,0,2
BRDA:105,24,0,0
BRDA:116,25,0,0
BRF:26
BRH:23
end_of_record
TN:
SF:src\utils\cache.js
FN:20,createCache
FN:30,makeKey
FN:39,get
FN:58,set
FN:76,has
FN:83,clear
FN:91,size
FNF:7
FNH:7
FNDA:16,createCache
FNDA:15,makeKey
FNDA:27,get
FNDA:25,set
FNDA:2,has
FNDA:1,clear
FNDA:3,size
DA:1,1
DA:2,1
DA:3,1
DA:4,1
DA:5,1
DA:6,1
DA:7,1
DA:8,1
DA:9,1
DA:10,1
DA:11,1
DA:12,1
DA:13,1
DA:14,1
DA:15,1
DA:16,1
DA:17,1
DA:18,1
DA:19,1
DA:20,1
DA:21,16
DA:22,16
DA:23,16
DA:24,16
DA:25,16
DA:26,16
DA:27,16
DA:28,16
DA:29,16
DA:30,16
DA:31,15
DA:32,15
DA:33,16
DA:34,16
DA:35,16
DA:36,16
DA:37,16
DA:38,16
DA:39,16
DA:40,27
DA:41,27
DA:42,25
DA:43,1
DA:44,1
DA:45,1
DA:46,10
DA:47,10
DA:48,10
DA:49,10
DA:50,27
DA:51,16
DA:52,16
DA:53,16
DA:54,16
DA:55,16
DA:56,16
DA:57,16
DA:58,16
DA:59,25
DA:60,25
DA:61,1
DA:62,1
DA:63,25
DA:64,25
DA:65,2
DA:66,2
DA:67,2
DA:68,25
DA:69,25
DA:70,16
DA:71,16
DA:72,16
DA:73,16
DA:74,16
DA:75,16
DA:76,16
DA:77,2
DA:78,2
DA:79,16
DA:80,16
DA:81,16
DA:82,16
DA:83,16
DA:84,1
DA:85,1
DA:86,16
DA:87,16
DA:88,16
DA:89,16
DA:90,16
DA:91,16
DA:92,3
DA:93,3
DA:94,16
DA:95,16
DA:96,16
LF:96
LH:96
BRDA:20,0,0,16
BRDA:30,1,0,15
BRDA:39,2,0,27
BRDA:41,3,0,25
BRDA:41,4,0,16
BRDA:41,5,0,11
BRDA:42,6,0,1
BRDA:45,7,0,10
BRDA:58,8,0,25
BRDA:60,9,0,1
BRDA:64,10,0,2
BRDA:76,11,0,2
BRDA:83,12,0,1
BRDA:91,13,0,3
BRF:14
BRH:14
end_of_record
TN:
SF:src\utils\electionHelpers.js
FN:8,sanitizeInput
FN:23,validateChatInput
FN:42,getGuidanceMessage
FN:52,formatTimelineDate
FN:73,truncateHistory
FNF:5
FNH:4
FNDA:2,sanitizeInput
FNDA:7,validateChatInput
FNDA:0,getGuidanceMessage
FNDA:26,formatTimelineDate
FNDA:4,truncateHistory
DA:1,1
DA:2,1
DA:3,1
DA:4,1
DA:5,1
DA:6,1
DA:7,1
DA:8,1
DA:9,2
DA:10,2
DA:11,2
DA:12,2
DA:13,2
DA:14,2
DA:15,2
DA:16,2
DA:17,1
DA:18,1
DA:19,1
DA:20,1
DA:21,1
DA:22,1
DA:23,1
DA:24,7
DA:25,2
DA:26,2
DA:27,5
DA:28,7
DA:29,1
DA:30,1
DA:31,7
DA:32,1
DA:33,1
DA:34,3
DA:35,3
DA:36,1
DA:37,1
DA:38,1
DA:39,1
DA:40,1
DA:41,1
DA:42,1
DA:43,0
DA:44,0
DA:45,1
DA:46,1
DA:47,1
DA:48,1
DA:49,1
DA:50,1
DA:51,1
DA:52,1
DA:53,26
DA:54,25
DA:55,26
DA:56,24
DA:57,24
DA:58,24
DA:59,24
DA:60,24
DA:61,24
DA:62,24
DA:63,26
DA:64,26
DA:65,26
DA:66,1
DA:67,1
DA:68,1
DA:69,1
DA:70,1
DA:71,1
DA:72,1
DA:73,1
DA:74,4
DA:75,4
DA:76,1
DA:77,1
LF:77
LH:75
BRDA:8,0,0,2
BRDA:9,1,0,0
BRDA:23,2,0,7
BRDA:24,3,0,5
BRDA:24,4,0,2
BRDA:26,5,0,5
BRDA:28,6,0,1
BRDA:30,7,0,4
BRDA:31,8,0,3
BRDA:31,9,0,1
BRDA:52,10,0,26
BRDA:53,11,0,1
BRDA:53,12,0,25
BRDA:55,13,0,1
BRDA:55,14,0,24
BRDA:63,15,0,0
BRDA:73,16,0,4
BRDA:74,17,0,0
BRDA:75,18,0,3
BRDA:75,19,0,1
BRF:20
BRH:17
end_of_record
TN:
SF:src\utils\sanitize.js
FN:19,escapeHtml
FN:37,stripTags
FN:49,stripControlChars
FN:62,sanitizeUrl
FN:82,sanitizeFull
FNF:5
FNH:5
FNDA:23,escapeHtml
FNDA:17,stripTags
FNDA:16,stripControlChars
FNDA:8,sanitizeUrl
FNDA:15,sanitizeFull
DA:1,1
DA:2,1
DA:3,1
DA:4,1
DA:5,1
DA:6,1
DA:7,1
DA:8,1
DA:9,1
DA:10,1
DA:11,1
DA:12,1
DA:13,1
DA:14,1
DA:15,1
DA:16,1
DA:17,1
DA:18,1
DA:19,1
DA:20,23
DA:21,19
DA:22,19
DA:23,19
DA:24,19
DA:25,19
DA:26,19
DA:27,19
DA:28,19
DA:29,19
DA:30,1
DA:31,1
DA:32,1
DA:33,1
DA:34,1
DA:35,1
DA:36,1
DA:37,1
DA:38,17
DA:39,15
DA:40,15
DA:41,1
DA:42,1
DA:43,1
DA:44,1
DA:45,1
DA:46,1
DA:47,1
DA:48,1
DA:49,1
DA:50,16
DA:51,15
DA:52,15
DA:53,15
DA:54,1
DA:55,1
DA:56,1
DA:57,1
DA:58,1
DA:59,1
DA:60,1
DA:61,1
DA:62,1
DA:63,8
DA:64,6
DA:65,6
DA:66,6
DA:67,8
DA:68,3
DA:69,8
DA:70,1
DA:71,1
DA:72,8
DA:73,1
DA:74,1
DA:75,1
DA:76,1
DA:77,1
DA:78,1
DA:79,1
DA:80,1
DA:81,1
DA:82,1
DA:83,15
DA:84,12
DA:85,12
DA:86,12
DA:87,15
DA:88,2
DA:89,2
DA:90,12
DA:91,12
LF:91
LH:91
BRDA:19,0,0,23
BRDA:20,1,0,20
BRDA:20,2,0,4
BRDA:20,3,0,19
BRDA:37,4,0,17
BRDA:38,5,0,15
BRDA:38,6,0,2
BRDA:38,7,0,15
BRDA:49,8,0,16
BRDA:50,9,0,15
BRDA:50,10,0,1
BRDA:50,11,0,15
BRDA:62,12,0,8
BRDA:63,13,0,6
BRDA:63,14,0,2
BRDA:63,15,0,6
BRDA:67,16,0,2
BRDA:67,17,0,3
BRDA:69,18,0,1
BRDA:82,19,0,15
BRDA:83,20,0,13
BRDA:83,21,0,12
BRDA:83,22,0,3
BRDA:87,23,0,2
BRDA:89,24,0,12
BRF:25
BRH:25
end_of_record
